<?xml version="1.0" encoding="UTF-8"?>
<!-- Generated by org.testng.reporters.JUnitXMLReporter -->
<testsuite hostname="SRIMAMID-IN" ignored="0" name="exampletest1" tests="5" failures="0" timestamp="09 Dec 2019 03:20:32 GMT" time="28.137" errors="0">
  <testcase name="div" time="0.018" classname="com.qa.tests.Demo1"/>
  <testcase name="mul" time="0.0" classname="com.qa.tests.Demo1"/>
  <testcase name="sub" time="0.0" classname="com.qa.tests.Demo1"/>
  <testcase name="sum" time="0.001" classname="com.qa.tests.Demo1"/>
  <testcase name="test1" time="28.073" classname="com.qa.tests.Demo2"/>
</testsuite> <!-- exampletest1 -->
