<?xml version="1.0" encoding="UTF-8"?>
<testng-results ignored="0" total="1" passed="1" failed="0" skipped="0">
  <reporter-output>
  </reporter-output>
  <suite started-at="2019-12-05T03:09:33Z" name="Default suite" finished-at="2019-12-05T03:09:55Z" duration-ms="22282">
    <groups>
    </groups>
    <test started-at="2019-12-05T03:09:33Z" name="Default test" finished-at="2019-12-05T03:09:55Z" duration-ms="22282">
      <class name="com.qa.tests.Demo2">
        <test-method signature="test1()[pri:0, instance:com.qa.tests.Demo2@52e677af]" started-at="2019-12-05T08:39:33Z" name="test1" finished-at="2019-12-05T08:39:55Z" duration-ms="22260" status="PASS">
          <reporter-output>
          </reporter-output>
        </test-method> <!-- test1 -->
      </class> <!-- com.qa.tests.Demo2 -->
    </test> <!-- Default test -->
  </suite> <!-- Default suite -->
</testng-results>
